<?xml version="1.0" encoding="UTF-8"?>
<!-- Generated by org.testng.reporters.JUnitReportReporter -->
<testsuite skipped="0" hostname="NITISH" name="automationFramework.GeneralOperations" tests="1" failures="0" timestamp="28 Sep 2017 05:57:19 GMT" time="185.404" errors="0">
  <testcase name="Login" time="185.404" classname="automationFramework.GeneralOperations"/>
</testsuite> <!-- automationFramework.GeneralOperations -->
