<?xml version="1.0" encoding="UTF-8"?>
<!-- Generated by org.testng.reporters.JUnitReportReporter -->
<testsuite skipped="0" hostname="NITISH" name="testCases.TestCases" tests="4" failures="0" timestamp="13 Nov 2018 04:21:49 GMT" time="53.292" errors="0">
  <testcase name="Login" time="18.837" classname="testCases.TestCases"/>
  <testcase name="EnterTrainDetails" time="3.437" classname="testCases.TestCases"/>
  <testcase name="EnterPassengersDetails" time="26.441" classname="testCases.TestCases"/>
  <testcase name="SelctTrainAndClassType" time="4.577" classname="testCases.TestCases"/>
</testsuite> <!-- testCases.TestCases -->
